Base path: 'C:/Program Files/Unity/Hub/Editor/2019.3.4f1/Editor/Data', plugins path 'C:/Program Files/Unity/Hub/Editor/2019.3.4f1/Editor/Data/PlaybackEngines'
Cmd: initializeCompiler
Cmd: compileComputeKernel
  api=4 insize=7960 outsize=1574 ok=1
Cmd: compileComputeKernel
  api=4 insize=9919 outsize=2319 ok=1
Cmd: compileComputeKernel
  api=4 insize=49356 outsize=2635 ok=1
Cmd: compileComputeKernel
  api=4 insize=49356 outsize=1316 ok=1
Cmd: compileComputeKernel
  api=4 insize=49356 outsize=1772 ok=1
Cmd: compileComputeKernel
  api=4 insize=49356 outsize=1321 ok=1
Cmd: compileComputeKernel
  api=4 insize=68835 outsize=4640 ok=1
Cmd: compileComputeKernel
  api=4 insize=29386 outsize=695 ok=1
Cmd: compileComputeKernel
  api=4 insize=29386 outsize=1005 ok=1
Cmd: compileComputeKernel
  api=4 insize=29386 outsize=950 ok=1
Cmd: compileComputeKernel
  api=4 insize=29386 outsize=831 ok=1
Cmd: compileComputeKernel
  api=4 insize=29386 outsize=1253 ok=1
Cmd: compileComputeKernel
  api=4 insize=29386 outsize=1378 ok=1
Cmd: compileComputeKernel
  api=4 insize=29386 outsize=1306 ok=1
Cmd: compileComputeKernel
  api=4 insize=45671 outsize=10712 ok=1

Quitting shader compiler process
